<?xml version="1.0" encoding="UTF-8" ?>
<testsuite tests="1" failures="0" name="PropertyProfiles.A_DevDefaultProfileTest" time="0.28" errors="0" skipped="0">
  <properties>
    <property name="java.runtime.name" value="Java(TM) SE Runtime Environment"/>
    <property name="sun.boot.library.path" value="/usr/local/jdk1.8.0_20/jre/lib/i386"/>
    <property name="java.vm.version" value="25.20-b23"/>
    <property name="java.vm.vendor" value="Oracle Corporation"/>
    <property name="java.vendor.url" value="http://java.oracle.com/"/>
    <property name="path.separator" value=":"/>
    <property name="java.vm.name" value="Java HotSpot(TM) Client VM"/>
    <property name="file.encoding.pkg" value="sun.io"/>
    <property name="user.country" value="US"/>
    <property name="sun.java.launcher" value="SUN_STANDARD"/>
    <property name="sun.os.patch.level" value="unknown"/>
    <property name="java.vm.specification.name" value="Java Virtual Machine Specification"/>
    <property name="user.dir" value="/home/tim/Projects/kassihiki"/>
    <property name="java.runtime.version" value="1.8.0_20-b26"/>
    <property name="java.awt.graphicsenv" value="sun.awt.X11GraphicsEnvironment"/>
    <property name="basedir" value="/home/tim/Projects/kassihiki"/>
    <property name="java.endorsed.dirs" value="/usr/local/jdk1.8.0_20/jre/lib/endorsed"/>
    <property name="os.arch" value="i386"/>
    <property name="surefire.real.class.path" value="/tmp/surefirebooter1150096952278168484.jar"/>
    <property name="java.io.tmpdir" value="/tmp"/>
    <property name="line.separator" value="
"/>
    <property name="java.vm.specification.vendor" value="Oracle Corporation"/>
    <property name="os.name" value="Linux"/>
    <property name="sun.jnu.encoding" value="UTF-8"/>
    <property name="java.library.path" value="/usr/local/jdk1.8.0_20/jre/lib/amd64:/usr/local/jdk1.8.0_20/jre/lib/i386::/usr/java/packages/lib/i386:/lib:/usr/lib"/>
    <property name="surefire.test.class.path" value="/home/tim/Projects/kassihiki/target/test-classes:/home/tim/Projects/kassihiki/target/classes:/home/tim/.m2/repository/org/hibernate/hibernate-validator/4.3.0.Final/hibernate-validator-4.3.0.Final.jar:/home/tim/.m2/repository/javax/validation/validation-api/1.0.0.GA/validation-api-1.0.0.GA.jar:/home/tim/.m2/repository/org/jboss/logging/jboss-logging/3.1.0.CR2/jboss-logging-3.1.0.CR2.jar:/home/tim/.m2/repository/org/hibernate/hibernate-annotations/3.5.6-Final/hibernate-annotations-3.5.6-Final.jar:/home/tim/.m2/repository/org/hibernate/hibernate-core/3.5.6-Final/hibernate-core-3.5.6-Final.jar:/home/tim/.m2/repository/antlr/antlr/2.7.6/antlr-2.7.6.jar:/home/tim/.m2/repository/commons-collections/commons-collections/3.1/commons-collections-3.1.jar:/home/tim/.m2/repository/dom4j/dom4j/1.6.1/dom4j-1.6.1.jar:/home/tim/.m2/repository/xml-apis/xml-apis/1.0.b2/xml-apis-1.0.b2.jar:/home/tim/.m2/repository/javax/transaction/jta/1.1/jta-1.1.jar:/home/tim/.m2/repository/org/hibernate/hibernate-commons-annotations/3.2.0.Final/hibernate-commons-annotations-3.2.0.Final.jar:/home/tim/.m2/repository/org/hibernate/javax/persistence/hibernate-jpa-2.0-api/1.0.0.Final/hibernate-jpa-2.0-api-1.0.0.Final.jar:/home/tim/.m2/repository/org/springframework/spring-webmvc/3.1.2.RELEASE/spring-webmvc-3.1.2.RELEASE.jar:/home/tim/.m2/repository/org/springframework/spring-asm/3.1.2.RELEASE/spring-asm-3.1.2.RELEASE.jar:/home/tim/.m2/repository/org/springframework/spring-beans/3.1.2.RELEASE/spring-beans-3.1.2.RELEASE.jar:/home/tim/.m2/repository/org/springframework/spring-context-support/3.1.2.RELEASE/spring-context-support-3.1.2.RELEASE.jar:/home/tim/.m2/repository/org/springframework/spring-core/3.1.2.RELEASE/spring-core-3.1.2.RELEASE.jar:/home/tim/.m2/repository/commons-logging/commons-logging/1.1.1/commons-logging-1.1.1.jar:/home/tim/.m2/repository/org/springframework/spring-expression/3.1.2.RELEASE/spring-expression-3.1.2.RELEASE.jar:/home/tim/.m2/repository/org/springframework/spring-web/3.1.2.RELEASE/spring-web-3.1.2.RELEASE.jar:/home/tim/.m2/repository/aopalliance/aopalliance/1.0/aopalliance-1.0.jar:/home/tim/.m2/repository/org/springframework/spring-context/3.1.2.RELEASE/spring-context-3.1.2.RELEASE.jar:/home/tim/.m2/repository/org/springframework/spring-aop/3.1.2.RELEASE/spring-aop-3.1.2.RELEASE.jar:/home/tim/.m2/repository/org/springframework/spring-test/3.1.2.RELEASE/spring-test-3.1.2.RELEASE.jar:/home/tim/.m2/repository/org/springframework/spring-jdbc/3.1.2.RELEASE/spring-jdbc-3.1.2.RELEASE.jar:/home/tim/.m2/repository/org/springframework/spring-tx/3.1.2.RELEASE/spring-tx-3.1.2.RELEASE.jar:/home/tim/.m2/repository/org/springframework/spring-orm/3.1.2.RELEASE/spring-orm-3.1.2.RELEASE.jar:/home/tim/.m2/repository/org/springframework/spring-instrument/3.1.2.RELEASE/spring-instrument-3.1.2.RELEASE.jar:/home/tim/.m2/repository/org/springframework/data/spring-data-jpa/1.1.0.RELEASE/spring-data-jpa-1.1.0.RELEASE.jar:/home/tim/.m2/repository/org/springframework/data/spring-data-commons-core/1.3.0.RELEASE/spring-data-commons-core-1.3.0.RELEASE.jar:/home/tim/.m2/repository/junit/junit-dep/4.8.2/junit-dep-4.8.2.jar:/home/tim/.m2/repository/org/slf4j/slf4j-api/1.6.1/slf4j-api-1.6.1.jar:/home/tim/.m2/repository/org/slf4j/jcl-over-slf4j/1.6.1/jcl-over-slf4j-1.6.1.jar:/home/tim/.m2/repository/org/aspectj/aspectjrt/1.6.12/aspectjrt-1.6.12.jar:/home/tim/.m2/repository/org/eclipse/persistence/eclipselink/2.4.0/eclipselink-2.4.0.jar:/home/tim/.m2/repository/commonj/sdo/commonj.sdo/2.1.1.v201112051852/commonj.sdo-2.1.1.v201112051852.jar:/home/tim/.m2/repository/org/eclipse/persistence/javax.persistence/2.0.0/javax.persistence-2.0.0.jar:/home/tim/.m2/repository/com/h2database/h2/1.3.168/h2-1.3.168.jar:/home/tim/.m2/repository/jstl/jstl/1.2/jstl-1.2.jar:/home/tim/.m2/repository/javax/servlet/servlet-api/2.5/servlet-api-2.5.jar:/home/tim/.m2/repository/javax/servlet/jsp/jsp-api/2.1/jsp-api-2.1.jar:/home/tim/.m2/repository/org/eclipse/jetty/jetty-servlet/8.1.5.v20120716/jetty-servlet-8.1.5.v20120716.jar:/home/tim/.m2/repository/org/eclipse/jetty/jetty-security/8.1.5.v20120716/jetty-security-8.1.5.v20120716.jar:/home/tim/.m2/repository/org/eclipse/jetty/jetty-server/8.1.5.v20120716/jetty-server-8.1.5.v20120716.jar:/home/tim/.m2/repository/org/eclipse/jetty/orbit/javax.servlet/3.0.0.v201112011016/javax.servlet-3.0.0.v201112011016.jar:/home/tim/.m2/repository/org/eclipse/jetty/jetty-continuation/8.1.5.v20120716/jetty-continuation-8.1.5.v20120716.jar:/home/tim/.m2/repository/org/eclipse/jetty/jetty-http/8.1.5.v20120716/jetty-http-8.1.5.v20120716.jar:/home/tim/.m2/repository/org/eclipse/jetty/jetty-io/8.1.5.v20120716/jetty-io-8.1.5.v20120716.jar:/home/tim/.m2/repository/org/eclipse/jetty/test-jetty-servlet/8.1.5.v20120716/test-jetty-servlet-8.1.5.v20120716.jar:/home/tim/.m2/repository/org/eclipse/jetty/jetty-webapp/8.1.5.v20120716/jetty-webapp-8.1.5.v20120716.jar:/home/tim/.m2/repository/org/eclipse/jetty/jetty-xml/8.1.5.v20120716/jetty-xml-8.1.5.v20120716.jar:/home/tim/.m2/repository/org/eclipse/jetty/jetty-util/8.1.5.v20120716/jetty-util-8.1.5.v20120716.jar:/home/tim/.m2/repository/org/springframework/spring-test-mvc/1.0.0.M1/spring-test-mvc-1.0.0.M1.jar:/home/tim/.m2/repository/org/hamcrest/hamcrest-library/1.2.1/hamcrest-library-1.2.1.jar:/home/tim/.m2/repository/org/hamcrest/hamcrest-core/1.2.1/hamcrest-core-1.2.1.jar:/home/tim/.m2/repository/org/seleniumhq/selenium/selenium-java/2.13.0/selenium-java-2.13.0.jar:/home/tim/.m2/repository/org/seleniumhq/selenium/selenium-android-driver/2.13.0/selenium-android-driver-2.13.0.jar:/home/tim/.m2/repository/org/seleniumhq/selenium/selenium-remote-driver/2.13.0/selenium-remote-driver-2.13.0.jar:/home/tim/.m2/repository/cglib/cglib-nodep/2.1_3/cglib-nodep-2.1_3.jar:/home/tim/.m2/repository/org/json/json/20080701/json-20080701.jar:/home/tim/.m2/repository/org/seleniumhq/selenium/selenium-chrome-driver/2.13.0/selenium-chrome-driver-2.13.0.jar:/home/tim/.m2/repository/org/seleniumhq/selenium/selenium-htmlunit-driver/2.13.0/selenium-htmlunit-driver-2.13.0.jar:/home/tim/.m2/repository/org/seleniumhq/selenium/selenium-api/2.13.0/selenium-api-2.13.0.jar:/home/tim/.m2/repository/com/google/guava/guava/10.0.1/guava-10.0.1.jar:/home/tim/.m2/repository/com/google/code/findbugs/jsr305/1.3.9/jsr305-1.3.9.jar:/home/tim/.m2/repository/net/sourceforge/htmlunit/htmlunit/2.9/htmlunit-2.9.jar:/home/tim/.m2/repository/xalan/xalan/2.7.1/xalan-2.7.1.jar:/home/tim/.m2/repository/xalan/serializer/2.7.1/serializer-2.7.1.jar:/home/tim/.m2/repository/commons-lang/commons-lang/2.6/commons-lang-2.6.jar:/home/tim/.m2/repository/org/apache/httpcomponents/httpmime/4.1.2/httpmime-4.1.2.jar:/home/tim/.m2/repository/commons-codec/commons-codec/1.4/commons-codec-1.4.jar:/home/tim/.m2/repository/net/sourceforge/htmlunit/htmlunit-core-js/2.9/htmlunit-core-js-2.9.jar:/home/tim/.m2/repository/xerces/xercesImpl/2.9.1/xercesImpl-2.9.1.jar:/home/tim/.m2/repository/net/sourceforge/nekohtml/nekohtml/1.9.15/nekohtml-1.9.15.jar:/home/tim/.m2/repository/net/sourceforge/cssparser/cssparser/0.9.5/cssparser-0.9.5.jar:/home/tim/.m2/repository/org/w3c/css/sac/1.3/sac-1.3.jar:/home/tim/.m2/repository/org/apache/httpcomponents/httpclient/4.1.2/httpclient-4.1.2.jar:/home/tim/.m2/repository/org/apache/httpcomponents/httpcore/4.1.2/httpcore-4.1.2.jar:/home/tim/.m2/repository/org/seleniumhq/selenium/selenium-firefox-driver/2.13.0/selenium-firefox-driver-2.13.0.jar:/home/tim/.m2/repository/commons-io/commons-io/2.0.1/commons-io-2.0.1.jar:/home/tim/.m2/repository/org/apache/commons/commons-exec/1.1/commons-exec-1.1.jar:/home/tim/.m2/repository/org/seleniumhq/selenium/selenium-ie-driver/2.13.0/selenium-ie-driver-2.13.0.jar:/home/tim/.m2/repository/net/java/dev/jna/jna/3.3.0/jna-3.3.0.jar:/home/tim/.m2/repository/org/seleniumhq/selenium/selenium-iphone-driver/2.13.0/selenium-iphone-driver-2.13.0.jar:/home/tim/.m2/repository/org/seleniumhq/selenium/selenium-support/2.13.0/selenium-support-2.13.0.jar:/home/tim/.m2/repository/junit/junit/4.10/junit-4.10.jar:/home/tim/.m2/repository/org/easytesting/fest-reflect/1.4/fest-reflect-1.4.jar:/home/tim/.m2/repository/org/easytesting/fest-util/1.1.6/fest-util-1.1.6.jar:/home/tim/.m2/repository/org/mockito/mockito-all/1.9.0/mockito-all-1.9.0.jar:"/>
    <property name="java.specification.name" value="Java Platform API Specification"/>
    <property name="java.class.version" value="52.0"/>
    <property name="sun.management.compiler" value="HotSpot Client Compiler"/>
    <property name="os.version" value="3.16.0-13-generic"/>
    <property name="user.home" value="/home/tim"/>
    <property name="user.timezone" value="Europe/Helsinki"/>
    <property name="java.awt.printerjob" value="sun.print.PSPrinterJob"/>
    <property name="file.encoding" value="UTF-8"/>
    <property name="java.specification.version" value="1.8"/>
    <property name="user.name" value="tim"/>
    <property name="java.class.path" value="/home/tim/Projects/kassihiki/target/test-classes:/home/tim/Projects/kassihiki/target/classes:/home/tim/.m2/repository/org/hibernate/hibernate-validator/4.3.0.Final/hibernate-validator-4.3.0.Final.jar:/home/tim/.m2/repository/javax/validation/validation-api/1.0.0.GA/validation-api-1.0.0.GA.jar:/home/tim/.m2/repository/org/jboss/logging/jboss-logging/3.1.0.CR2/jboss-logging-3.1.0.CR2.jar:/home/tim/.m2/repository/org/hibernate/hibernate-annotations/3.5.6-Final/hibernate-annotations-3.5.6-Final.jar:/home/tim/.m2/repository/org/hibernate/hibernate-core/3.5.6-Final/hibernate-core-3.5.6-Final.jar:/home/tim/.m2/repository/antlr/antlr/2.7.6/antlr-2.7.6.jar:/home/tim/.m2/repository/commons-collections/commons-collections/3.1/commons-collections-3.1.jar:/home/tim/.m2/repository/dom4j/dom4j/1.6.1/dom4j-1.6.1.jar:/home/tim/.m2/repository/xml-apis/xml-apis/1.0.b2/xml-apis-1.0.b2.jar:/home/tim/.m2/repository/javax/transaction/jta/1.1/jta-1.1.jar:/home/tim/.m2/repository/org/hibernate/hibernate-commons-annotations/3.2.0.Final/hibernate-commons-annotations-3.2.0.Final.jar:/home/tim/.m2/repository/org/hibernate/javax/persistence/hibernate-jpa-2.0-api/1.0.0.Final/hibernate-jpa-2.0-api-1.0.0.Final.jar:/home/tim/.m2/repository/org/springframework/spring-webmvc/3.1.2.RELEASE/spring-webmvc-3.1.2.RELEASE.jar:/home/tim/.m2/repository/org/springframework/spring-asm/3.1.2.RELEASE/spring-asm-3.1.2.RELEASE.jar:/home/tim/.m2/repository/org/springframework/spring-beans/3.1.2.RELEASE/spring-beans-3.1.2.RELEASE.jar:/home/tim/.m2/repository/org/springframework/spring-context-support/3.1.2.RELEASE/spring-context-support-3.1.2.RELEASE.jar:/home/tim/.m2/repository/org/springframework/spring-core/3.1.2.RELEASE/spring-core-3.1.2.RELEASE.jar:/home/tim/.m2/repository/commons-logging/commons-logging/1.1.1/commons-logging-1.1.1.jar:/home/tim/.m2/repository/org/springframework/spring-expression/3.1.2.RELEASE/spring-expression-3.1.2.RELEASE.jar:/home/tim/.m2/repository/org/springframework/spring-web/3.1.2.RELEASE/spring-web-3.1.2.RELEASE.jar:/home/tim/.m2/repository/aopalliance/aopalliance/1.0/aopalliance-1.0.jar:/home/tim/.m2/repository/org/springframework/spring-context/3.1.2.RELEASE/spring-context-3.1.2.RELEASE.jar:/home/tim/.m2/repository/org/springframework/spring-aop/3.1.2.RELEASE/spring-aop-3.1.2.RELEASE.jar:/home/tim/.m2/repository/org/springframework/spring-test/3.1.2.RELEASE/spring-test-3.1.2.RELEASE.jar:/home/tim/.m2/repository/org/springframework/spring-jdbc/3.1.2.RELEASE/spring-jdbc-3.1.2.RELEASE.jar:/home/tim/.m2/repository/org/springframework/spring-tx/3.1.2.RELEASE/spring-tx-3.1.2.RELEASE.jar:/home/tim/.m2/repository/org/springframework/spring-orm/3.1.2.RELEASE/spring-orm-3.1.2.RELEASE.jar:/home/tim/.m2/repository/org/springframework/spring-instrument/3.1.2.RELEASE/spring-instrument-3.1.2.RELEASE.jar:/home/tim/.m2/repository/org/springframework/data/spring-data-jpa/1.1.0.RELEASE/spring-data-jpa-1.1.0.RELEASE.jar:/home/tim/.m2/repository/org/springframework/data/spring-data-commons-core/1.3.0.RELEASE/spring-data-commons-core-1.3.0.RELEASE.jar:/home/tim/.m2/repository/junit/junit-dep/4.8.2/junit-dep-4.8.2.jar:/home/tim/.m2/repository/org/slf4j/slf4j-api/1.6.1/slf4j-api-1.6.1.jar:/home/tim/.m2/repository/org/slf4j/jcl-over-slf4j/1.6.1/jcl-over-slf4j-1.6.1.jar:/home/tim/.m2/repository/org/aspectj/aspectjrt/1.6.12/aspectjrt-1.6.12.jar:/home/tim/.m2/repository/org/eclipse/persistence/eclipselink/2.4.0/eclipselink-2.4.0.jar:/home/tim/.m2/repository/commonj/sdo/commonj.sdo/2.1.1.v201112051852/commonj.sdo-2.1.1.v201112051852.jar:/home/tim/.m2/repository/org/eclipse/persistence/javax.persistence/2.0.0/javax.persistence-2.0.0.jar:/home/tim/.m2/repository/com/h2database/h2/1.3.168/h2-1.3.168.jar:/home/tim/.m2/repository/jstl/jstl/1.2/jstl-1.2.jar:/home/tim/.m2/repository/javax/servlet/servlet-api/2.5/servlet-api-2.5.jar:/home/tim/.m2/repository/javax/servlet/jsp/jsp-api/2.1/jsp-api-2.1.jar:/home/tim/.m2/repository/org/eclipse/jetty/jetty-servlet/8.1.5.v20120716/jetty-servlet-8.1.5.v20120716.jar:/home/tim/.m2/repository/org/eclipse/jetty/jetty-security/8.1.5.v20120716/jetty-security-8.1.5.v20120716.jar:/home/tim/.m2/repository/org/eclipse/jetty/jetty-server/8.1.5.v20120716/jetty-server-8.1.5.v20120716.jar:/home/tim/.m2/repository/org/eclipse/jetty/orbit/javax.servlet/3.0.0.v201112011016/javax.servlet-3.0.0.v201112011016.jar:/home/tim/.m2/repository/org/eclipse/jetty/jetty-continuation/8.1.5.v20120716/jetty-continuation-8.1.5.v20120716.jar:/home/tim/.m2/repository/org/eclipse/jetty/jetty-http/8.1.5.v20120716/jetty-http-8.1.5.v20120716.jar:/home/tim/.m2/repository/org/eclipse/jetty/jetty-io/8.1.5.v20120716/jetty-io-8.1.5.v20120716.jar:/home/tim/.m2/repository/org/eclipse/jetty/test-jetty-servlet/8.1.5.v20120716/test-jetty-servlet-8.1.5.v20120716.jar:/home/tim/.m2/repository/org/eclipse/jetty/jetty-webapp/8.1.5.v20120716/jetty-webapp-8.1.5.v20120716.jar:/home/tim/.m2/repository/org/eclipse/jetty/jetty-xml/8.1.5.v20120716/jetty-xml-8.1.5.v20120716.jar:/home/tim/.m2/repository/org/eclipse/jetty/jetty-util/8.1.5.v20120716/jetty-util-8.1.5.v20120716.jar:/home/tim/.m2/repository/org/springframework/spring-test-mvc/1.0.0.M1/spring-test-mvc-1.0.0.M1.jar:/home/tim/.m2/repository/org/hamcrest/hamcrest-library/1.2.1/hamcrest-library-1.2.1.jar:/home/tim/.m2/repository/org/hamcrest/hamcrest-core/1.2.1/hamcrest-core-1.2.1.jar:/home/tim/.m2/repository/org/seleniumhq/selenium/selenium-java/2.13.0/selenium-java-2.13.0.jar:/home/tim/.m2/repository/org/seleniumhq/selenium/selenium-android-driver/2.13.0/selenium-android-driver-2.13.0.jar:/home/tim/.m2/repository/org/seleniumhq/selenium/selenium-remote-driver/2.13.0/selenium-remote-driver-2.13.0.jar:/home/tim/.m2/repository/cglib/cglib-nodep/2.1_3/cglib-nodep-2.1_3.jar:/home/tim/.m2/repository/org/json/json/20080701/json-20080701.jar:/home/tim/.m2/repository/org/seleniumhq/selenium/selenium-chrome-driver/2.13.0/selenium-chrome-driver-2.13.0.jar:/home/tim/.m2/repository/org/seleniumhq/selenium/selenium-htmlunit-driver/2.13.0/selenium-htmlunit-driver-2.13.0.jar:/home/tim/.m2/repository/org/seleniumhq/selenium/selenium-api/2.13.0/selenium-api-2.13.0.jar:/home/tim/.m2/repository/com/google/guava/guava/10.0.1/guava-10.0.1.jar:/home/tim/.m2/repository/com/google/code/findbugs/jsr305/1.3.9/jsr305-1.3.9.jar:/home/tim/.m2/repository/net/sourceforge/htmlunit/htmlunit/2.9/htmlunit-2.9.jar:/home/tim/.m2/repository/xalan/xalan/2.7.1/xalan-2.7.1.jar:/home/tim/.m2/repository/xalan/serializer/2.7.1/serializer-2.7.1.jar:/home/tim/.m2/repository/commons-lang/commons-lang/2.6/commons-lang-2.6.jar:/home/tim/.m2/repository/org/apache/httpcomponents/httpmime/4.1.2/httpmime-4.1.2.jar:/home/tim/.m2/repository/commons-codec/commons-codec/1.4/commons-codec-1.4.jar:/home/tim/.m2/repository/net/sourceforge/htmlunit/htmlunit-core-js/2.9/htmlunit-core-js-2.9.jar:/home/tim/.m2/repository/xerces/xercesImpl/2.9.1/xercesImpl-2.9.1.jar:/home/tim/.m2/repository/net/sourceforge/nekohtml/nekohtml/1.9.15/nekohtml-1.9.15.jar:/home/tim/.m2/repository/net/sourceforge/cssparser/cssparser/0.9.5/cssparser-0.9.5.jar:/home/tim/.m2/repository/org/w3c/css/sac/1.3/sac-1.3.jar:/home/tim/.m2/repository/org/apache/httpcomponents/httpclient/4.1.2/httpclient-4.1.2.jar:/home/tim/.m2/repository/org/apache/httpcomponents/httpcore/4.1.2/httpcore-4.1.2.jar:/home/tim/.m2/repository/org/seleniumhq/selenium/selenium-firefox-driver/2.13.0/selenium-firefox-driver-2.13.0.jar:/home/tim/.m2/repository/commons-io/commons-io/2.0.1/commons-io-2.0.1.jar:/home/tim/.m2/repository/org/apache/commons/commons-exec/1.1/commons-exec-1.1.jar:/home/tim/.m2/repository/org/seleniumhq/selenium/selenium-ie-driver/2.13.0/selenium-ie-driver-2.13.0.jar:/home/tim/.m2/repository/net/java/dev/jna/jna/3.3.0/jna-3.3.0.jar:/home/tim/.m2/repository/org/seleniumhq/selenium/selenium-iphone-driver/2.13.0/selenium-iphone-driver-2.13.0.jar:/home/tim/.m2/repository/org/seleniumhq/selenium/selenium-support/2.13.0/selenium-support-2.13.0.jar:/home/tim/.m2/repository/junit/junit/4.10/junit-4.10.jar:/home/tim/.m2/repository/org/easytesting/fest-reflect/1.4/fest-reflect-1.4.jar:/home/tim/.m2/repository/org/easytesting/fest-util/1.1.6/fest-util-1.1.6.jar:/home/tim/.m2/repository/org/mockito/mockito-all/1.9.0/mockito-all-1.9.0.jar:"/>
    <property name="java.vm.specification.version" value="1.8"/>
    <property name="sun.arch.data.model" value="32"/>
    <property name="java.home" value="/usr/local/jdk1.8.0_20/jre"/>
    <property name="sun.java.command" value="/tmp/surefirebooter1150096952278168484.jar /tmp/surefire2559113935328240953tmp /tmp/surefire6788141311058454986tmp"/>
    <property name="java.specification.vendor" value="Oracle Corporation"/>
    <property name="user.language" value="en"/>
    <property name="awt.toolkit" value="sun.awt.X11.XToolkit"/>
    <property name="java.vm.info" value="mixed mode"/>
    <property name="java.version" value="1.8.0_20"/>
    <property name="java.ext.dirs" value="/usr/local/jdk1.8.0_20/jre/lib/ext:/usr/java/packages/lib/ext"/>
    <property name="sun.boot.class.path" value="/usr/local/jdk1.8.0_20/jre/lib/resources.jar:/usr/local/jdk1.8.0_20/jre/lib/rt.jar:/usr/local/jdk1.8.0_20/jre/lib/sunrsasign.jar:/usr/local/jdk1.8.0_20/jre/lib/jsse.jar:/usr/local/jdk1.8.0_20/jre/lib/jce.jar:/usr/local/jdk1.8.0_20/jre/lib/charsets.jar:/usr/local/jdk1.8.0_20/jre/lib/jfr.jar:/usr/local/jdk1.8.0_20/jre/classes"/>
    <property name="java.vendor" value="Oracle Corporation"/>
    <property name="localRepository" value="/home/tim/.m2/repository"/>
    <property name="file.separator" value="/"/>
    <property name="java.vendor.url.bug" value="http://bugreport.sun.com/bugreport/"/>
    <property name="sun.cpu.endian" value="little"/>
    <property name="sun.io.unicode.encoding" value="UnicodeLittle"/>
    <property name="jetty.port" value="8090"/>
    <property name="sun.cpu.isalist" value=""/>
  </properties>
  <testcase classname="PropertyProfiles.A_DevDefaultProfileTest" name="propertyPlaceholderConfiguredForProfileDefaultDev" time="0.279"/>
</testsuite>